<application>
	<display-name>ear</display-name>
	<module>
		<web>
			<web-uri>test.war</web-uri>
			<context-root>/test</context-root>
		</web>
	</module>
</application>